<?xml version="1.0" encoding="utf-8"?><testsuites name="pytest tests"><testsuite name="pytest" errors="0" failures="0" skipped="0" tests="16" time="6.936" timestamp="2026-06-04T22:55:26.092452+00:00" hostname="agent-env-aabdb729-d28d-4b47-8d88-07c9880b2ce9"><testcase classname="backend.tests.test_audit_logs_iteration7.TestPushExtensionFlows" name="test_create_service_returns_201_and_does_not_break_on_push" time="0.661" /><testcase classname="backend.tests.test_audit_logs_iteration7.TestPushExtensionFlows" name="test_aprobar_service_returns_200" time="0.045" /><testcase classname="backend.tests.test_audit_logs_iteration7.TestPushExtensionFlows" name="test_agregar_item_returns_200" time="0.061" /><testcase classname="backend.tests.test_audit_logs_iteration7.TestPushExtensionFlows" name="test_create_reporte_returns_201" time="0.104" /><testcase classname="backend.tests.test_audit_logs_iteration7.TestPushExtensionFlows" name="test_anular_service_returns_200" time="0.065" /><testcase classname="backend.tests.test_audit_logs_iteration7.TestAuditLogsEndpoints" name="test_list_audit_logs_unfiltered" time="0.058" /><testcase classname="backend.tests.test_audit_logs_iteration7.TestAuditLogsEndpoints" name="test_filter_by_accion_login_success" time="0.039" /><testcase classname="backend.tests.test_audit_logs_iteration7.TestAuditLogsEndpoints" name="test_filter_by_entidad_service" time="0.040" /><testcase classname="backend.tests.test_audit_logs_iteration7.TestAuditLogsEndpoints" name="test_pagination_page2" time="0.079" /><testcase classname="backend.tests.test_audit_logs_iteration7.TestAuditLogsEndpoints" name="test_stats_endpoint" time="0.040" /><testcase classname="backend.tests.test_audit_logs_iteration7.TestAuditLogsEndpoints" name="test_unauthenticated_blocked" time="0.068" /><testcase classname="backend.tests.test_audit_logs_iteration7.TestAuditLogsAutoGenerated" name="test_login_success_logged" time="0.946" /><testcase classname="backend.tests.test_audit_logs_iteration7.TestAuditLogsAutoGenerated" name="test_login_failed_logged" time="0.851" /><testcase classname="backend.tests.test_audit_logs_iteration7.TestAuditLogsAutoGenerated" name="test_logout_logged" time="1.289" /><testcase classname="backend.tests.test_audit_logs_iteration7.TestAuditLogsAutoGenerated" name="test_crear_servicio_logged" time="1.796" /><testcase classname="backend.tests.test_audit_logs_iteration7.TestAuditLogsAutoGenerated" name="test_crear_reporte_logged" time="0.717" /></testsuite></testsuites>