<?xml version="1.0" encoding="utf-8"?><testsuites name="pytest tests"><testsuite name="pytest" errors="0" failures="0" skipped="0" tests="7" time="1.342" timestamp="2026-06-05T15:19:28.535700+00:00" hostname="agent-env-aabdb729-d28d-4b47-8d88-07c9880b2ce9"><testcase classname="backend.tests.test_iteration9_analytics_audit.TestAnalyticsDashboard" name="test_requires_auth" time="0.289" /><testcase classname="backend.tests.test_iteration9_analytics_audit.TestAnalyticsDashboard" name="test_admin_can_access_default" time="0.396" /><testcase classname="backend.tests.test_iteration9_analytics_audit.TestAnalyticsDashboard" name="test_supports_dias_7_30_90" time="0.193" /><testcase classname="backend.tests.test_iteration9_analytics_audit.TestAnalyticsDashboard" name="test_validates_dias_range" time="0.127" /><testcase classname="backend.tests.test_iteration9_analytics_audit.TestAnalyticsDashboard" name="test_top_tecnicos_structure" time="0.044" /><testcase classname="backend.tests.test_iteration9_analytics_audit.TestServiceTypeAudit" name="test_create_update_delete_generate_audit_logs" time="0.187" /><testcase classname="backend.tests.test_iteration9_analytics_audit.TestAuditLogsDateFilters" name="test_desde_hasta_filters_accepted" time="0.048" /></testsuite></testsuites>