<?xml version="1.0" encoding="utf-8"?><testsuites name="pytest tests"><testsuite name="pytest" errors="0" failures="0" skipped="0" tests="14" time="3.219" timestamp="2026-06-05T15:00:13.029167+00:00" hostname="agent-env-aabdb729-d28d-4b47-8d88-07c9880b2ce9"><testcase classname="backend.tests.test_audit_iteration8.TestAuditUsuarios" name="test_register_creates_audit_log" time="0.952" /><testcase classname="backend.tests.test_audit_iteration8.TestAuditUsuarios" name="test_update_user_creates_audit_log" time="0.110" /><testcase classname="backend.tests.test_audit_iteration8.TestAuditUsuarios" name="test_change_password_audit_log_excludes_password" time="1.101" /><testcase classname="backend.tests.test_audit_iteration8.TestAuditUsuarios" name="test_delete_user_creates_audit_log" time="0.127" /><testcase classname="backend.tests.test_audit_iteration8.TestAuditUsuarios" name="test_admin_cannot_delete_self" time="0.055" /><testcase classname="backend.tests.test_audit_iteration8.TestAuditInventario" name="test_create_material_audit_log" time="0.124" /><testcase classname="backend.tests.test_audit_iteration8.TestAuditInventario" name="test_update_material_audit_log" time="0.117" /><testcase classname="backend.tests.test_audit_iteration8.TestAuditInventario" name="test_ajustar_stock_audit_log" time="0.128" /><testcase classname="backend.tests.test_audit_iteration8.TestAuditInventario" name="test_delete_material_audit_log" time="0.115" /><testcase classname="backend.tests.test_audit_iteration8.TestAuditExportCSV" name="test_export_csv_unfiltered" time="0.077" /><testcase classname="backend.tests.test_audit_iteration8.TestAuditExportCSV" name="test_export_csv_filter_by_accion" time="0.055" /><testcase classname="backend.tests.test_audit_iteration8.TestAuditExportCSV" name="test_export_csv_filter_by_entidad" time="0.060" /><testcase classname="backend.tests.test_audit_iteration8.TestAuditExportCSV" name="test_export_csv_contains_new_actions" time="0.050" /><testcase classname="backend.tests.test_audit_iteration8.TestAuditExportCSV" name="test_export_csv_requires_auth" time="0.100" /></testsuite></testsuites>