<?xml version="1.0" encoding="utf-8"?><testsuites name="pytest tests"><testsuite name="pytest" errors="0" failures="0" skipped="0" tests="13" time="5.088" timestamp="2026-03-04T20:43:55.049977+00:00" hostname="agent-env-aabdb729-d28d-4b47-8d88-07c9880b2ce9"><testcase classname="backend.tests.test_services_fase2.TestServiceTypesCatalog" name="test_get_service_types" time="0.781" /><testcase classname="backend.tests.test_services_fase2.TestServiceTypesCatalog" name="test_get_active_service_types" time="0.086" /><testcase classname="backend.tests.test_services_fase2.TestServicesCreation" name="test_create_service_with_catalog_type" time="0.588" /><testcase classname="backend.tests.test_services_fase2.TestServicesCreation" name="test_create_multiple_services_for_same_client" time="0.427" /><testcase classname="backend.tests.test_services_fase2.TestServicesCreation" name="test_create_service_invalid_tipo_servicio" time="0.149" /><testcase classname="backend.tests.test_services_fase2.TestServicesListing" name="test_get_all_services" time="0.411" /><testcase classname="backend.tests.test_services_fase2.TestServicesListing" name="test_filter_services_by_estado" time="0.088" /><testcase classname="backend.tests.test_services_fase2.TestServicesListing" name="test_verify_existing_services_for_juan_perez" time="0.091" /><testcase classname="backend.tests.test_services_fase2.TestServicesApprovalAndCancellation" name="test_aprobar_service_already_approved" time="0.486" /><testcase classname="backend.tests.test_services_fase2.TestServicesApprovalAndCancellation" name="test_anular_service" time="0.393" /><testcase classname="backend.tests.test_services_fase2.TestServicesApprovalAndCancellation" name="test_anular_already_anulado_fails" time="0.184" /><testcase classname="backend.tests.test_services_fase2.TestServiceStats" name="test_get_service_stats" time="0.425" /><testcase classname="backend.tests.test_services_fase2.TestCleanup" name="test_cleanup_test_services" time="0.815" /></testsuite></testsuites>