<?xml version="1.0" encoding="utf-8"?><testsuites name="pytest tests"><testsuite name="pytest" errors="0" failures="0" skipped="0" tests="16" time="3.067" timestamp="2026-04-17T23:02:59.067792+00:00" hostname="agent-env-aabdb729-d28d-4b47-8d88-07c9880b2ce9"><testcase classname="tests.test_httponly_cookie_auth.TestLoginCookieAuth" name="test_login_sets_cookie" time="0.356" /><testcase classname="tests.test_httponly_cookie_auth.TestLoginCookieAuth" name="test_login_cookie_attributes" time="0.311" /><testcase classname="tests.test_httponly_cookie_auth.TestLoginCookieAuth" name="test_login_invalid_credentials" time="0.096" /><testcase classname="tests.test_httponly_cookie_auth.TestProtectedEndpointsWithCookie" name="test_services_endpoint_with_cookie" time="0.354" /><testcase classname="tests.test_httponly_cookie_auth.TestProtectedEndpointsWithCookie" name="test_users_endpoint_with_cookie" time="0.036" /><testcase classname="tests.test_httponly_cookie_auth.TestProtectedEndpointsWithCookie" name="test_reportes_endpoint_with_cookie" time="0.041" /><testcase classname="tests.test_httponly_cookie_auth.TestProtectedEndpointsWithCookie" name="test_reportes_estadisticas_with_cookie" time="0.049" /><testcase classname="tests.test_httponly_cookie_auth.TestProtectedEndpointsWithCookie" name="test_auth_me_with_cookie" time="0.044" /><testcase classname="tests.test_httponly_cookie_auth.TestLogoutClearsCookie" name="test_logout_clears_cookie" time="0.433" /><testcase classname="tests.test_httponly_cookie_auth.TestMiddlewareTransitionMode" name="test_header_auth_still_works" time="0.409" /><testcase classname="tests.test_httponly_cookie_auth.TestMiddlewareTransitionMode" name="test_cookie_takes_priority" time="0.390" /><testcase classname="tests.test_httponly_cookie_auth.TestProtectedEndpointsWithoutAuth" name="test_services_without_auth" time="0.104" /><testcase classname="tests.test_httponly_cookie_auth.TestProtectedEndpointsWithoutAuth" name="test_users_without_auth" time="0.096" /><testcase classname="tests.test_httponly_cookie_auth.TestProtectedEndpointsWithoutAuth" name="test_reportes_without_auth" time="0.098" /><testcase classname="tests.test_httponly_cookie_auth.TestProtectedEndpointsWithoutAuth" name="test_auth_me_without_auth" time="0.117" /><testcase classname="tests.test_httponly_cookie_auth.TestHealthEndpoint" name="test_health_no_auth_required" time="0.079" /></testsuite></testsuites>