<?xml version="1.0" encoding="utf-8"?><testsuites name="pytest tests"><testsuite name="pytest" errors="0" failures="1" skipped="0" tests="17" time="4.543" timestamp="2026-05-25T14:44:44.834125+00:00" hostname="agent-env-aabdb729-d28d-4b47-8d88-07c9880b2ce9"><testcase classname="backend.tests.test_complete_flows_iteration5.TestAuthAndSetup" name="test_health_check" time="0.341" /><testcase classname="backend.tests.test_complete_flows_iteration5.TestServiceFlows" name="test_flujo_1_servicio_local_completo" time="0.851" /><testcase classname="backend.tests.test_complete_flows_iteration5.TestServiceFlows" name="test_flujo_2_servicio_por_fuera_completo" time="0.084" /><testcase classname="backend.tests.test_complete_flows_iteration5.TestServiceFlows" name="test_flujo_3_servicio_multiples_items" time="0.073" /><testcase classname="backend.tests.test_complete_flows_iteration5.TestServiceFlows" name="test_flujo_4_cambio_tecnico" time="0.104" /><testcase classname="backend.tests.test_complete_flows_iteration5.TestChatFunctionality" name="test_get_usuarios_chat" time="0.399" /><testcase classname="backend.tests.test_complete_flows_iteration5.TestChatFunctionality" name="test_enviar_mensaje" time="0.091" /><testcase classname="backend.tests.test_complete_flows_iteration5.TestChatFunctionality" name="test_verificar_mensaje_guardado" time="0.133" /><testcase classname="backend.tests.test_complete_flows_iteration5.TestReportesSearchAndFilter" name="test_busqueda_servicios_por_estado" time="0.504" /><testcase classname="backend.tests.test_complete_flows_iteration5.TestReportesSearchAndFilter" name="test_get_reportes_list" time="0.098" /><testcase classname="backend.tests.test_complete_flows_iteration5.TestDashboardKPIs" name="test_estadisticas_servicios" time="0.441" /><testcase classname="backend.tests.test_complete_flows_iteration5.TestDashboardKPIs" name="test_estadisticas_reportes" time="0.055" /><testcase classname="backend.tests.test_complete_flows_iteration5.TestUsersCRUD" name="test_get_users_list" time="0.394" /><testcase classname="backend.tests.test_complete_flows_iteration5.TestUsersCRUD" name="test_create_user" time="0.047"><failure message="Failed: Unexpected response: 405 - {&quot;detail&quot;:&quot;Method Not Allowed&quot;}">backend/tests/test_complete_flows_iteration5.py:614: in test_create_user
    pytest.fail(f"Unexpected response: {response.status_code} - {response.text}")
E   Failed: Unexpected response: 405 - {"detail":"Method Not Allowed"}</failure></testcase><testcase classname="backend.tests.test_complete_flows_iteration5.TestInventario" name="test_get_inventario" time="0.391" /><testcase classname="backend.tests.test_complete_flows_iteration5.TestInventario" name="test_alertas_stock_bajo" time="0.045" /><testcase classname="backend.tests.test_complete_flows_iteration5.TestCalendario" name="test_servicios_agendados" time="0.378" /></testsuite></testsuites>