<?xml version="1.0" encoding="utf-8"?><testsuites name="pytest tests"><testsuite name="pytest" errors="0" failures="0" skipped="0" tests="16" time="4.246" timestamp="2026-03-05T19:37:21.410992+00:00" hostname="agent-env-aabdb729-d28d-4b47-8d88-07c9880b2ce9"><testcase classname="tests.test_users_roles_reportes.TestAuthSetup" name="test_admin_login" time="0.391" /><testcase classname="tests.test_users_roles_reportes.TestUsersMultipleRoles" name="test_create_user_with_multiple_roles" time="0.631" /><testcase classname="tests.test_users_roles_reportes.TestUsersMultipleRoles" name="test_get_users_shows_roles_array" time="0.228" /><testcase classname="tests.test_users_roles_reportes.TestUsersMultipleRoles" name="test_update_user_add_roles" time="0.292" /><testcase classname="tests.test_users_roles_reportes.TestUsersMultipleRoles" name="test_update_user_remove_roles" time="0.187" /><testcase classname="tests.test_users_roles_reportes.TestReportesEndpoints" name="test_get_reportes_estadisticas" time="0.432" /><testcase classname="tests.test_users_roles_reportes.TestReportesEndpoints" name="test_get_reportes_empty_list" time="0.108" /><testcase classname="tests.test_users_roles_reportes.TestReportesEndpoints" name="test_create_reporte_missing_servicio" time="0.091" /><testcase classname="tests.test_users_roles_reportes.TestReportesEndpoints" name="test_create_reporte_invalid_servicio" time="0.100" /><testcase classname="tests.test_users_roles_reportes.TestReportesEndpoints" name="test_create_reporte_success" time="0.286" /><testcase classname="tests.test_users_roles_reportes.TestReportesEndpoints" name="test_create_duplicate_reporte_fails" time="0.087" /><testcase classname="tests.test_users_roles_reportes.TestReportesEndpoints" name="test_get_reportes_after_creation" time="0.098" /><testcase classname="tests.test_users_roles_reportes.TestReportesEndpoints" name="test_get_reporte_by_servicio_id" time="0.090" /><testcase classname="tests.test_users_roles_reportes.TestServicesForReportes" name="test_get_services_for_reportes" time="0.465" /><testcase classname="tests.test_users_roles_reportes.TestCleanup" name="test_cleanup_test_users" time="0.526" /><testcase classname="tests.test_users_roles_reportes.TestCleanup" name="test_cleanup_test_reportes" time="0.176" /></testsuite></testsuites>