<?xml version="1.0" encoding="utf-8"?><testsuites name="pytest tests"><testsuite name="pytest" errors="0" failures="0" skipped="0" tests="16" time="1.906" timestamp="2026-05-25T15:31:48.359946+00:00" hostname="agent-env-aabdb729-d28d-4b47-8d88-07c9880b2ce9"><testcase classname="backend.tests.test_push_notifications_iteration6.TestVapidPublicKey" name="test_get_vapid_public_key_returns_key" time="0.605" /><testcase classname="backend.tests.test_push_notifications_iteration6.TestPushSubscriptionFlow" name="test_status_initial" time="0.043" /><testcase classname="backend.tests.test_push_notifications_iteration6.TestPushSubscriptionFlow" name="test_subscribe_creates_subscription" time="0.085" /><testcase classname="backend.tests.test_push_notifications_iteration6.TestPushSubscriptionFlow" name="test_status_reflects_subscription" time="0.044" /><testcase classname="backend.tests.test_push_notifications_iteration6.TestPushSubscriptionFlow" name="test_subscribe_is_idempotent" time="0.130" /><testcase classname="backend.tests.test_push_notifications_iteration6.TestPushSubscriptionFlow" name="test_send_test_notification_cleans_dead_sub" time="0.113" /><testcase classname="backend.tests.test_push_notifications_iteration6.TestPushSubscriptionFlow" name="test_unsubscribe" time="0.083" /><testcase classname="backend.tests.test_push_notifications_iteration6.TestPushSubscriptionFlow" name="test_unsubscribe_requires_endpoint" time="0.044" /><testcase classname="backend.tests.test_push_notifications_iteration6.TestPushNotificationsAuth" name="test_subscribe_requires_auth" time="0.077" /><testcase classname="backend.tests.test_push_notifications_iteration6.TestPushNotificationsAuth" name="test_status_requires_auth" time="0.104" /><testcase classname="backend.tests.test_push_notifications_iteration6.TestPushNotificationsAuth" name="test_test_requires_auth" time="0.143" /><testcase classname="backend.tests.test_push_notifications_iteration6.TestRefactorRegression" name="test_services_list_loads" time="0.043" /><testcase classname="backend.tests.test_push_notifications_iteration6.TestRefactorRegression" name="test_service_types_list" time="0.050" /><testcase classname="backend.tests.test_push_notifications_iteration6.TestRefactorRegression" name="test_reportes_list" time="0.080" /><testcase classname="backend.tests.test_push_notifications_iteration6.TestRefactorRegression" name="test_users_list" time="0.039" /><testcase classname="backend.tests.test_push_notifications_iteration6.TestServiceWorker" name="test_service_worker_served" time="0.154" /></testsuite></testsuites>