<?xml version="1.0" encoding="utf-8"?><testsuites name="pytest tests"><testsuite name="pytest" errors="0" failures="0" skipped="0" tests="14" time="4.555" timestamp="2026-04-18T18:35:44.933248+00:00" hostname="agent-env-aabdb729-d28d-4b47-8d88-07c9880b2ce9"><testcase classname="tests.test_worldoffice_chat_fase4.TestAuthAndSetup" name="test_health_check" time="0.234" /><testcase classname="tests.test_worldoffice_chat_fase4.TestAuthAndSetup" name="test_login_success" time="0.300" /><testcase classname="tests.test_worldoffice_chat_fase4.TestChatAPI" name="test_get_chat_usuarios" time="0.375" /><testcase classname="tests.test_worldoffice_chat_fase4.TestChatAPI" name="test_get_chat_conversaciones" time="0.079" /><testcase classname="tests.test_worldoffice_chat_fase4.TestUsersAPI" name="test_get_users_list" time="0.382" /><testcase classname="tests.test_worldoffice_chat_fase4.TestDashboardKPI" name="test_get_reportes_estadisticas" time="0.359" /><testcase classname="tests.test_worldoffice_chat_fase4.TestDashboardKPI" name="test_get_services_stats" time="0.047" /><testcase classname="tests.test_worldoffice_chat_fase4.TestWorldOfficeStructure" name="test_get_services_with_worldoffice_structure" time="0.408" /><testcase classname="tests.test_worldoffice_chat_fase4.TestWorldOfficeStructure" name="test_create_service_with_worldoffice_structure" time="0.207" /><testcase classname="tests.test_worldoffice_chat_fase4.TestReportesFilter" name="test_get_reportes_list" time="0.388" /><testcase classname="tests.test_worldoffice_chat_fase4.TestReportesFilter" name="test_get_services_for_reportes" time="0.058" /><testcase classname="tests.test_worldoffice_chat_fase4.TestServiceTypes" name="test_get_service_types" time="0.367" /><testcase classname="tests.test_worldoffice_chat_fase4.TestInventario" name="test_get_inventario" time="0.390" /><testcase classname="tests.test_worldoffice_chat_fase4.TestInventario" name="test_get_inventario_alertas" time="0.877" /></testsuite></testsuites>